{"name":"TS002 || Validate Filter on Compliance Page &  Check table's data","status":"failed","statusDetails":{"known":false,"muted":false,"flaky":false,"message":"Browser Action [navigateToNewURL] failed. With the following test data [https://parts.z2data.com/RiskManager/Compliance?BomId=119090].","trace":"java.lang.AssertionError: Browser Action [navigateToNewURL] failed. With the following test data [https://parts.z2data.com/RiskManager/Compliance?BomId=119090].\r\n\tat org.testng.Assert.fail(Assert.java:87)\r\n\tat com.shaft.gui.browser.BrowserActions.failAction(BrowserActions.java:467)\r\n\tat com.shaft.gui.browser.BrowserActions.failAction(BrowserActions.java:460)\r\n\tat com.shaft.gui.browser.BrowserActions.navigateToNewURL(BrowserActions.java:519)\r\n\tat com.shaft.gui.browser.BrowserActions.navigateToURL(BrowserActions.java:205)\r\n\tat SE_Page.Data_Management_Page.Z2D_Move_to_Compliance_BOM(Data_Management_Page.java:219)\r\n\tat SE_TestScenarios.K_2_Fun_Filters_For_Compliance.Filters_For_Compliance(K_2_Fun_Filters_For_Compliance.java:37)\r\n\tat java.base/jdk.internal.reflect.NativeMethodAccessorImpl.invoke0(Native Method)\r\n\tat java.base/jdk.internal.reflect.NativeMethodAccessorImpl.invoke(NativeMethodAccessorImpl.java:64)\r\n\tat java.base/jdk.internal.reflect.DelegatingMethodAccessorImpl.invoke(DelegatingMethodAccessorImpl.java:43)\r\n\tat java.base/java.lang.reflect.Method.invoke(Method.java:564)\r\n\tat org.testng.internal.MethodInvocationHelper.invokeMethod(MethodInvocationHelper.java:132)\r\n\tat org.testng.internal.TestInvoker.invokeMethod(TestInvoker.java:599)\r\n\tat org.testng.internal.TestInvoker.invokeTestMethod(TestInvoker.java:174)\r\n\tat org.testng.internal.MethodRunner.runInSequence(MethodRunner.java:46)\r\n\tat org.testng.internal.TestInvoker$MethodInvocationAgent.invoke(TestInvoker.java:822)\r\n\tat org.testng.internal.TestInvoker.invokeTestMethods(TestInvoker.java:147)\r\n\tat org.testng.internal.TestMethodWorker.invokeTestMethods(TestMethodWorker.java:146)\r\n\tat org.testng.internal.TestMethodWorker.run(TestMethodWorker.java:128)\r\n\tat java.base/java.util.ArrayList.forEach(ArrayList.java:1511)\r\n\tat org.testng.TestRunner.privateRun(TestRunner.java:764)\r\n\tat org.testng.TestRunner.run(TestRunner.java:585)\r\n\tat org.testng.SuiteRunner.runTest(SuiteRunner.java:384)\r\n\tat org.testng.SuiteRunner.runSequentially(SuiteRunner.java:378)\r\n\tat org.testng.SuiteRunner.privateRun(SuiteRunner.java:337)\r\n\tat org.testng.SuiteRunner.run(SuiteRunner.java:286)\r\n\tat org.testng.SuiteRunnerWorker.runSuite(SuiteRunnerWorker.java:53)\r\n\tat org.testng.SuiteRunnerWorker.run(SuiteRunnerWorker.java:96)\r\n\tat org.testng.TestNG.runSuitesSequentially(TestNG.java:1218)\r\n\tat org.testng.TestNG.runSuitesLocally(TestNG.java:1140)\r\n\tat org.testng.TestNG.runSuites(TestNG.java:1069)\r\n\tat org.testng.TestNG.run(TestNG.java:1037)\r\n\tat com.intellij.rt.testng.IDEARemoteTestNG.run(IDEARemoteTestNG.java:66)\r\n\tat com.intellij.rt.testng.RemoteTestNGStarter.main(RemoteTestNGStarter.java:109)\r\nCaused by: org.openqa.selenium.TimeoutException: timeout: Timed out receiving message from renderer: 28.410\n  (Session info: chrome=86.0.4240.198)\n  (Driver info: chromedriver=86.0.4240.22 (398b0743353ff36fb1b82468f63a3a93b4e2e89e-refs/branch-heads/4240@{#378}),platform=Windows NT 10.0.19041 x86_64) (WARNING: The server did not provide any stacktrace information)\nCommand duration or timeout: 0 milliseconds\nBuild info: version: '3.141.59', revision: 'e82be7d358', time: '2018-11-14T08:17:03'\nSystem info: host: 'AHMEDALZAYAT-LP', ip: '192.168.1.13', os.name: 'Windows 10', os.arch: 'amd64', os.version: '10.0', java.version: '15.0.1'\nDriver info: org.openqa.selenium.chrome.ChromeDriver\nCapabilities {acceptInsecureCerts: false, acceptSslCerts: false, applicationCacheEnabled: false, browserConnectionEnabled: false, browserName: chrome, chrome: {chromedriverVersion: 86.0.4240.22 (398b0743353ff..., userDataDir: C:\\Users\\AF201~1.ALZ\\AppDat...}, cssSelectorsEnabled: true, databaseEnabled: false, goog:chromeOptions: {debuggerAddress: localhost:59083}, handlesAlerts: true, hasTouchScreen: false, javascriptEnabled: true, locationContextEnabled: true, mobileEmulationEnabled: false, nativeEvents: true, networkConnectionEnabled: false, pageLoadStrategy: normal, platform: WINDOWS, platformName: WINDOWS, proxy: Proxy(), rotatable: false, setWindowRect: true, strictFileInteractability: false, takesHeapSnapshot: true, takesScreenshot: true, timeouts: {implicit: 0, pageLoad: 300000, script: 30000}, unexpectedAlertBehaviour: ignore, unhandledPromptBehavior: ignore, version: 86.0.4240.198, webStorageEnabled: true, webauthn:virtualAuthenticators: true}\nSession ID: 5783cc85fb1ea5cdf5c2ee1f7b42ea4e\r\n\tat java.base/jdk.internal.reflect.NativeConstructorAccessorImpl.newInstance0(Native Method)\r\n\tat java.base/jdk.internal.reflect.NativeConstructorAccessorImpl.newInstance(NativeConstructorAccessorImpl.java:64)\r\n\tat java.base/jdk.internal.reflect.DelegatingConstructorAccessorImpl.newInstance(DelegatingConstructorAccessorImpl.java:45)\r\n\tat java.base/java.lang.reflect.Constructor.newInstanceWithCaller(Constructor.java:500)\r\n\tat java.base/java.lang.reflect.Constructor.newInstance(Constructor.java:481)\r\n\tat org.openqa.selenium.remote.ErrorHandler.createThrowable(ErrorHandler.java:214)\r\n\tat org.openqa.selenium.remote.ErrorHandler.throwIfResponseFailed(ErrorHandler.java:166)\r\n\tat org.openqa.selenium.remote.http.JsonHttpResponseCodec.reconstructValue(JsonHttpResponseCodec.java:40)\r\n\tat org.openqa.selenium.remote.http.AbstractHttpResponseCodec.decode(AbstractHttpResponseCodec.java:80)\r\n\tat org.openqa.selenium.remote.http.AbstractHttpResponseCodec.decode(AbstractHttpResponseCodec.java:44)\r\n\tat org.openqa.selenium.remote.HttpCommandExecutor.execute(HttpCommandExecutor.java:158)\r\n\tat org.openqa.selenium.remote.service.DriverCommandExecutor.execute(DriverCommandExecutor.java:83)\r\n\tat org.openqa.selenium.remote.RemoteWebDriver.execute(RemoteWebDriver.java:552)\r\n\tat org.openqa.selenium.remote.RemoteWebDriver.get(RemoteWebDriver.java:277)\r\n\tat org.openqa.selenium.remote.RemoteWebDriver$RemoteNavigation.to(RemoteWebDriver.java:857)\r\n\tat com.shaft.gui.browser.BrowserActions.navigateToNewURL(BrowserActions.java:516)\r\n\t... 30 more\r\n"},"stage":"finished","steps":[{"name":"Action [6]: An Exception Occured with this Message: timeout: Timed out receiving message from renderer: 28.410.","status":"passed","stage":"finished","steps":[],"attachments":[{"name":"Attachment: Exception Stack Trace - org.openqa.selenium.TimeoutException","source":"ba933499-b9ba-4a6b-9bca-9b9d66422440-attachment"}],"parameters":[{"name":"actionCounter","value":"6"},{"name":"logText","value":"An Exception Occured with this Message: timeout: Timed out receiving message from renderer: 28.410."},{"name":"attachments","value":"[[Exception Stack Trace, org.openqa.selenium.TimeoutException, org.openqa.selenium.TimeoutException:\r\ntimeout: Timed out receiving message from renderer: 28.410\n  (Session info: chrome=86.0.4240.198)\n  (Driver info: chromedriver=86.0.4240.22 (398b0743353ff36fb1b82468f63a3a93b4e2e89e-refs/branch-heads/4240@{#378}),platform=Windows NT 10.0.19041 x86_64) (WARNING: The server did not provide any stacktrace information)\nCommand duration or timeout: 0 milliseconds\nBuild info: version: '3.141.59', revision: 'e82be7d358', time: '2018-11-14T08:17:03'\nSystem info: host: 'AHMEDALZAYAT-LP', ip: '192.168.1.13', os.name: 'Windows 10', os.arch: 'amd64', os.version: '10.0', java.version: '15.0.1'\nDriver info: org.openqa.selenium.chrome.ChromeDriver\nCapabilities {acceptInsecureCerts: false, acceptSslCerts: false, applicationCacheEnabled: false, browserConnectionEnabled: false, browserName: chrome, chrome: {chromedriverVersion: 86.0.4240.22 (398b0743353ff..., userDataDir: C:\\Users\\AF201~1.ALZ\\AppDat...}, cssSelectorsEnabled: true, databaseEnabled: false, goog:chromeOptions: {debuggerAddress: localhost:59083}, handlesAlerts: true, hasTouchScreen: false, javascriptEnabled: true, locationContextEnabled: true, mobileEmulationEnabled: false, nativeEvents: true, networkConnectionEnabled: false, pageLoadStrategy: normal, platform: WINDOWS, platformName: WINDOWS, proxy: Proxy(), rotatable: false, setWindowRect: true, strictFileInteractability: false, takesHeapSnapshot: true, takesScreenshot: true, timeouts: {implicit: 0, pageLoad: 300000, script: 30000}, unexpectedAlertBehaviour: ignore, unhandledPromptBehavior: ignore, version: 86.0.4240.198, webStorageEnabled: true, webauthn:virtualAuthenticators: true}\nSession ID: 5783cc85fb1ea5cdf5c2ee1f7b42ea4e\r\njava.base/jdk.internal.reflect.NativeConstructorAccessorImpl.newInstance0(Native Method)\r\njava.base/jdk.internal.reflect.NativeConstructorAccessorImpl.newInstance(NativeConstructorAccessorImpl.java:64)\r\njava.base/jdk.internal.reflect.DelegatingConstructorAccessorImpl.newInstance(DelegatingConstructorAccessorImpl.java:45)\r\njava.base/java.lang.reflect.Constructor.newInstanceWithCaller(Constructor.java:500)\r\njava.base/java.lang.reflect.Constructor.newInstance(Constructor.java:481)\r\norg.openqa.selenium.remote.ErrorHandler.createThrowable(ErrorHandler.java:214)\r\norg.openqa.selenium.remote.ErrorHandler.throwIfResponseFailed(ErrorHandler.java:166)\r\norg.openqa.selenium.remote.http.JsonHttpResponseCodec.reconstructValue(JsonHttpResponseCodec.java:40)\r\norg.openqa.selenium.remote.http.AbstractHttpResponseCodec.decode(AbstractHttpResponseCodec.java:80)\r\norg.openqa.selenium.remote.http.AbstractHttpResponseCodec.decode(AbstractHttpResponseCodec.java:44)\r\norg.openqa.selenium.remote.HttpCommandExecutor.execute(HttpCommandExecutor.java:158)\r\norg.openqa.selenium.remote.service.DriverCommandExecutor.execute(DriverCommandExecutor.java:83)\r\norg.openqa.selenium.remote.RemoteWebDriver.execute(RemoteWebDriver.java:552)\r\norg.openqa.selenium.remote.RemoteWebDriver.get(RemoteWebDriver.java:277)\r\norg.openqa.selenium.remote.RemoteWebDriver$RemoteNavigation.to(RemoteWebDriver.java:857)\r\ncom.shaft.gui.browser.BrowserActions.navigateToNewURL(BrowserActions.java:516)\r\ncom.shaft.gui.browser.BrowserActions.navigateToURL(BrowserActions.java:205)\r\nSE_Page.Data_Management_Page.Z2D_Move_to_Compliance_BOM(Data_Management_Page.java:219)\r\nSE_TestScenarios.K_2_Fun_Filters_For_Compliance.Filters_For_Compliance(K_2_Fun_Filters_For_Compliance.java:37)\r\njava.base/jdk.internal.reflect.NativeMethodAccessorImpl.invoke0(Native Method)\r\njava.base/jdk.internal.reflect.NativeMethodAccessorImpl.invoke(NativeMethodAccessorImpl.java:64)\r\njava.base/jdk.internal.reflect.DelegatingMethodAccessorImpl.invoke(DelegatingMethodAccessorImpl.java:43)\r\njava.base/java.lang.reflect.Method.invoke(Method.java:564)\r\norg.testng.internal.MethodInvocationHelper.invokeMethod(MethodInvocationHelper.java:132)\r\norg.testng.internal.TestInvoker.invokeMethod(TestInvoker.java:599)\r\norg.testng.internal.TestInvoker.invokeTestMethod(TestInvoker.java:174)\r\norg.testng.internal.MethodRunner.runInSequence(MethodRunner.java:46)\r\norg.testng.internal.TestInvoker$MethodInvocationAgent.invoke(TestInvoker.java:822)\r\norg.testng.internal.TestInvoker.invokeTestMethods(TestInvoker.java:147)\r\norg.testng.internal.TestMethodWorker.invokeTestMethods(TestMethodWorker.java:146)\r\norg.testng.internal.TestMethodWorker.run(TestMethodWorker.java:128)\r\njava.base/java.util.ArrayList.forEach(ArrayList.java:1511)\r\norg.testng.TestRunner.privateRun(TestRunner.java:764)\r\norg.testng.TestRunner.run(TestRunner.java:585)\r\norg.testng.SuiteRunner.runTest(SuiteRunner.java:384)\r\norg.testng.SuiteRunner.runSequentially(SuiteRunner.java:378)\r\norg.testng.SuiteRunner.privateRun(SuiteRunner.java:337)\r\norg.testng.SuiteRunner.run(SuiteRunner.java:286)\r\norg.testng.SuiteRunnerWorker.runSuite(SuiteRunnerWorker.java:53)\r\norg.testng.SuiteRunnerWorker.run(SuiteRunnerWorker.java:96)\r\norg.testng.TestNG.runSuitesSequentially(TestNG.java:1218)\r\norg.testng.TestNG.runSuitesLocally(TestNG.java:1140)\r\norg.testng.TestNG.runSuites(TestNG.java:1069)\r\norg.testng.TestNG.run(TestNG.java:1037)\r\ncom.intellij.rt.testng.IDEARemoteTestNG.run(IDEARemoteTestNG.java:66)\r\ncom.intellij.rt.testng.RemoteTestNGStarter.main(RemoteTestNGStarter.java:109)\r\n]]"}],"start":1607375969389,"stop":1607375969410},{"name":"Action [8]: Browser Action [navigateToNewURL] failed. With the following test data [https://parts.z2data.com/RiskManager/Compliance?BomId=119090].","status":"passed","stage":"finished","steps":[],"attachments":[],"parameters":[{"name":"actionCounter","value":"8"},{"name":"logText","value":"Browser Action [navigateToNewURL] failed. With the following test data [https://parts.z2data.com/RiskManager/Compliance?BomId=119090]."},{"name":"attachments","value":"[null]"}],"start":1607375970410,"stop":1607375970411}],"attachments":[],"parameters":[],"start":1607375939009,"stop":1607375970492,"uuid":"e22e822a-0696-4612-8c99-a5c87beb0193","historyId":"2f02c5a4e8cdbac801df2480ea6948ac","fullName":"SE_TestScenarios.K_2_Fun_Filters_For_Compliance.Filters_For_Compliance","labels":[{"name":"package","value":"SE_TestScenarios.K_2_Fun_Filters_For_Compliance"},{"name":"testClass","value":"SE_TestScenarios.K_2_Fun_Filters_For_Compliance"},{"name":"testMethod","value":"Filters_For_Compliance"},{"name":"parentSuite","value":"Default Suite"},{"name":"suite","value":"C_Upload_BOM_and_Switcher.java"},{"name":"subSuite","value":"SE_TestScenarios.K_2_Fun_Filters_For_Compliance"},{"name":"host","value":"AhmedAlzayat-LP"},{"name":"thread","value":"68044@AhmedAlzayat-LP.main(1)"},{"name":"framework","value":"testng"},{"name":"language","value":"java"}],"links":[]}